
Showing logs for build [32mcb-kubecd-environment-pr-191-61-mw6jf-1[0m stage [32mfrom-build-pack[0m and container [32mstep-credential-initializer-tf6j5[0m
{"level":"warn","ts":1585385769.942897,"logger":"fallback-logger","caller":"logging/config.go:69","msg":"Fetch GitHub commit ID from kodata failed: \"ref: refs/heads/0.8.0-**-support-backwards-incompats\" is not a valid GitHub commit ID"}
{"level":"info","ts":1585385769.9453692,"logger":"fallback-logger","caller":"creds-init/main.go:40","msg":"Credentials initialized."}

Showing logs for build [32mcb-kubecd-environment-pr-191-61-mw6jf-1[0m stage [32mfrom-build-pack[0m and container [32mstep-working-dir-initializer-hcpqg[0m
{"level":"warn","ts":1585385770.6462448,"logger":"fallback-logger","caller":"logging/config.go:69","msg":"Fetch GitHub commit ID from kodata failed: open /var/run/ko/HEAD: no such file or directory"}
{"level":"info","ts":1585385770.6532795,"logger":"fallback-logger","caller":"bash/main.go:64","msg":"Successfully executed command \"sh -c mkdir -p /workspace/source\"; output "}

Showing logs for build [32mcb-kubecd-environment-pr-191-61-mw6jf-1[0m stage [32mfrom-build-pack[0m and container [32mstep-place-tools[0m

Showing logs for build [32mcb-kubecd-environment-pr-191-61-mw6jf-1[0m stage [32mfrom-build-pack[0m and container [32mstep-git-source-cb-kubecd-environment-pr-191-61-mw6jf-l8bt8[0m
{"level":"warn","ts":1585385776.9035916,"logger":"fallback-logger","caller":"logging/config.go:69","msg":"Fetch GitHub commit ID from kodata failed: \"ref: refs/heads/0.8.0-**-support-backwards-incompats\" is not a valid GitHub commit ID"}
{"level":"info","ts":1585385778.106692,"logger":"fallback-logger","caller":"git/git.go:103","msg":"Successfully cloned https://github.com/cb-kubecd/environment-pr-191-61-boot-gke-staging.git @ master in path /workspace/source"}

Showing logs for build [32mcb-kubecd-environment-pr-191-61-mw6jf-1[0m stage [32mfrom-build-pack[0m and container [32mstep-git-merge[0m
Using SHAs from PULL_REFS=master:97df355a5f588638e3fe05f21c1911c8001e799a,3:cba3725ed3f96baf67c66e2d7f4903c0feb8bc12
DEBUG: LC_ALL=C JX_LOG_LEVEL=error git fetch origin --unshallow cba3725ed3f96baf67c66e2d7f4903c0feb8bc12: 97df355a5f588638e3fe05f21c1911c8001e799a:
DEBUG: ran git fetch --unshallow origin cba3725ed3f96baf67c66e2d7f4903c0feb8bc12: 97df355a5f588638e3fe05f21c1911c8001e799a: in 
DEBUG: JX_LOG_LEVEL=error LC_ALL=C git branch
DEBUG: JX_LOG_LEVEL=error LC_ALL=C git checkout master
DEBUG: ran git checkout master in 
DEBUG: LC_ALL=C JX_LOG_LEVEL=error git reset --hard 97df355a5f588638e3fe05f21c1911c8001e799a
DEBUG: ran git reset --hard 97df355a5f588638e3fe05f21c1911c8001e799a in 
DEBUG: LC_ALL=C JX_LOG_LEVEL=error git clean -fd .
DEBUG: ran clean --force -d . in 
DEBUG: LC_ALL=C JX_LOG_LEVEL=error git merge cba3725ed3f96baf67c66e2d7f4903c0feb8bc12
DEBUG: ran git merge cba3725ed3f96baf67c66e2d7f4903c0feb8bc12 in 
DEBUG: LC_ALL=C JX_LOG_LEVEL=error git log --format=%H%x1f%an%x1f%ae%x1f%cn%x1f%ce%x1f%s%n%b%x1e 97df355a5f588638e3fe05f21c1911c8001e799a..HEAD
Merged SHA cba3725ed3f96baf67c66e2d7f4903c0feb8bc12 with commit message 'chore: Promote bdd-sbhg-1585384862 to version 0.0.1' into base branch master

Showing logs for build [32mcb-kubecd-environment-pr-191-61-mw6jf-1[0m stage [32mfrom-build-pack[0m and container [32mstep-build-helm-build[0m
WARNING: No $CHART_REPOSITORY defined so using the default value of: http://jenkins-x-chartmuseum:8080
Adding missing Helm repo: storage.googleapis.com https://storage.googleapis.com/chartmuseum.jenkins-x.io
WARNING: No secrets found on "helm/repos" due: reading the secret "helm/repos" from vault: no secret "helm/repos" not found in vault
Read credentials for https://storage.googleapis.com/chartmuseum.jenkins-x.io from vault helm/repos
Successfully added Helm repository storage.googleapis.com.
Adding missing Helm repo: jenkins-x-chartmuseum http://jenkins-x-chartmuseum:8080
WARNING: No secrets found on "helm/repos" due: reading the secret "helm/repos" from vault: no secret "helm/repos" not found in vault
Read credentials for http://jenkins-x-chartmuseum:8080 from vault helm/repos
Successfully added Helm repository jenkins-x-chartmuseum.
WARNING: No $CHART_REPOSITORY defined so using the default value of: http://jenkins-x-chartmuseum:8080
Adding missing Helm repo: chartmuseum.jenkins-x.io http://chartmuseum.jenkins-x.io
WARNING: No secrets found on "helm/repos" due: reading the secret "helm/repos" from vault: no secret "helm/repos" not found in vault
Read credentials for http://chartmuseum.jenkins-x.io from vault helm/repos
Successfully added Helm repository chartmuseum.jenkins-x.io.
